<?xml version="1.0" encoding="UTF-8"?>
<!-- Generated by org.testng.reporters.JUnitXMLReporter -->
<testsuite hostname="TYSS-4F-085" ignored="0" name="FirefoxTest" tests="1" failures="0" timestamp="13 Nov 2017 07:33:15 GMT" time="0.032" errors="0">
  <testcase name="@BeforeTest crossbrowser" time="0.015" classname="generic.BaseTest">
    <failure type="java.lang.IllegalStateException" message="The path to the driver executable must be set by the webdriver.gecko.driver system property; for more information, see https://github.com/mozilla/geckodriver. The latest version can be downloaded from https://github.com/mozilla/geckodriver/releases">
      <![CDATA[java.lang.IllegalStateException: The path to the driver executable must be set by the webdriver.gecko.driver system property; for more information, see https://github.com/mozilla/geckodriver. The latest version can be downloaded from https://github.com/mozilla/geckodriver/releases
	at com.google.common.base.Preconditions.checkState(Preconditions.java:754)
	at org.openqa.selenium.remote.service.DriverService.findExecutable(DriverService.java:124)
	at org.openqa.selenium.firefox.GeckoDriverService.access$100(GeckoDriverService.java:41)
	at org.openqa.selenium.firefox.GeckoDriverService$Builder.findDefaultExecutable(GeckoDriverService.java:115)
	at org.openqa.selenium.remote.service.DriverService$Builder.build(DriverService.java:329)
	at org.openqa.selenium.firefox.FirefoxDriver.toExecutor(FirefoxDriver.java:207)
	at org.openqa.selenium.firefox.FirefoxDriver.<init>(FirefoxDriver.java:103)
	at org.openqa.selenium.firefox.FirefoxDriver.<init>(FirefoxDriver.java:99)
	at generic.BaseTest.crossbrowser(BaseTest.java:49)
... Removed 23 stack frames]]>
    </failure>
  </testcase> <!-- @BeforeTest crossbrowser -->
  <testcase name="@BeforeClass startReport" time="0.0" classname="generic.BaseTest">
    <skipped/>
  </testcase> <!-- @BeforeClass startReport -->
  <testcase name="@BeforeMethod openapp" time="0.0" classname="generic.BaseTest">
    <skipped/>
  </testcase> <!-- @BeforeMethod openapp -->
  <testcase name="@AfterClass endReport" time="0.0" classname="generic.BaseTest">
    <skipped/>
  </testcase> <!-- @AfterClass endReport -->
  <testcase name="testVerifyMyCartPagedetails" time="0.0" classname="test.VerifyMyCartPagedetails">
    <skipped/>
  </testcase> <!-- testVerifyMyCartPagedetails -->
</testsuite> <!-- FirefoxTest -->
